C:\Users\radu.olteanu\source\repos\PulseAPI\PulseAPI\ClientApp\dist\out-tsc\src\app\app.component.js
C:\Users\radu.olteanu\source\repos\PulseAPI\PulseAPI\ClientApp\dist\out-tsc\src\app\app.component.js.map
C:\Users\radu.olteanu\source\repos\PulseAPI\PulseAPI\ClientApp\dist\out-tsc\src\app\nav-menu\nav-menu.component.js
C:\Users\radu.olteanu\source\repos\PulseAPI\PulseAPI\ClientApp\dist\out-tsc\src\app\nav-menu\nav-menu.component.js.map
C:\Users\radu.olteanu\source\repos\PulseAPI\PulseAPI\ClientApp\dist\out-tsc\src\app\auth\auth.service.js
C:\Users\radu.olteanu\source\repos\PulseAPI\PulseAPI\ClientApp\dist\out-tsc\src\app\auth\auth.service.js.map
C:\Users\radu.olteanu\source\repos\PulseAPI\PulseAPI\ClientApp\dist\out-tsc\src\app\services\badge.count.service.js
C:\Users\radu.olteanu\source\repos\PulseAPI\PulseAPI\ClientApp\dist\out-tsc\src\app\services\badge.count.service.js.map
C:\Users\radu.olteanu\source\repos\PulseAPI\PulseAPI\ClientApp\dist\out-tsc\src\app\home\home.component.js
C:\Users\radu.olteanu\source\repos\PulseAPI\PulseAPI\ClientApp\dist\out-tsc\src\app\home\home.component.js.map
C:\Users\radu.olteanu\source\repos\PulseAPI\PulseAPI\ClientApp\dist\out-tsc\src\app\counter\counter.component.js
C:\Users\radu.olteanu\source\repos\PulseAPI\PulseAPI\ClientApp\dist\out-tsc\src\app\counter\counter.component.js.map
C:\Users\radu.olteanu\source\repos\PulseAPI\PulseAPI\ClientApp\dist\out-tsc\src\app\fetch-data\fetch-data.component.js
C:\Users\radu.olteanu\source\repos\PulseAPI\PulseAPI\ClientApp\dist\out-tsc\src\app\fetch-data\fetch-data.component.js.map
C:\Users\radu.olteanu\source\repos\PulseAPI\PulseAPI\ClientApp\dist\out-tsc\src\app\account\login-form\login-form.component.js
C:\Users\radu.olteanu\source\repos\PulseAPI\PulseAPI\ClientApp\dist\out-tsc\src\app\account\login-form\login-form.component.js.map
C:\Users\radu.olteanu\source\repos\PulseAPI\PulseAPI\ClientApp\dist\out-tsc\src\app\account\login-real\login-real.component.js
C:\Users\radu.olteanu\source\repos\PulseAPI\PulseAPI\ClientApp\dist\out-tsc\src\app\account\login-real\login-real.component.js.map
C:\Users\radu.olteanu\source\repos\PulseAPI\PulseAPI\ClientApp\dist\out-tsc\src\app\account\registration-account\registration-account.component.js
C:\Users\radu.olteanu\source\repos\PulseAPI\PulseAPI\ClientApp\dist\out-tsc\src\app\account\registration-account\registration-account.component.js.map
C:\Users\radu.olteanu\source\repos\PulseAPI\PulseAPI\ClientApp\dist\out-tsc\src\app\app-material\app-material.module.js
C:\Users\radu.olteanu\source\repos\PulseAPI\PulseAPI\ClientApp\dist\out-tsc\src\app\app-material\app-material.module.js.map
C:\Users\radu.olteanu\source\repos\PulseAPI\PulseAPI\ClientApp\dist\out-tsc\src\app\account\account.module.js
C:\Users\radu.olteanu\source\repos\PulseAPI\PulseAPI\ClientApp\dist\out-tsc\src\app\account\account.module.js.map
C:\Users\radu.olteanu\source\repos\PulseAPI\PulseAPI\ClientApp\dist\out-tsc\src\app\auth\auth.guard.js
C:\Users\radu.olteanu\source\repos\PulseAPI\PulseAPI\ClientApp\dist\out-tsc\src\app\auth\auth.guard.js.map
C:\Users\radu.olteanu\source\repos\PulseAPI\PulseAPI\ClientApp\dist\out-tsc\src\app\layouts\home-layout.component.js
C:\Users\radu.olteanu\source\repos\PulseAPI\PulseAPI\ClientApp\dist\out-tsc\src\app\layouts\home-layout.component.js.map
C:\Users\radu.olteanu\source\repos\PulseAPI\PulseAPI\ClientApp\dist\out-tsc\src\app\create-certificate\create-certificate.component.js
C:\Users\radu.olteanu\source\repos\PulseAPI\PulseAPI\ClientApp\dist\out-tsc\src\app\create-certificate\create-certificate.component.js.map
C:\Users\radu.olteanu\source\repos\PulseAPI\PulseAPI\ClientApp\dist\out-tsc\src\app\users\users.component.js
C:\Users\radu.olteanu\source\repos\PulseAPI\PulseAPI\ClientApp\dist\out-tsc\src\app\users\users.component.js.map
C:\Users\radu.olteanu\source\repos\PulseAPI\PulseAPI\ClientApp\dist\out-tsc\src\app\app-routing.module.js
C:\Users\radu.olteanu\source\repos\PulseAPI\PulseAPI\ClientApp\dist\out-tsc\src\app\app-routing.module.js.map
C:\Users\radu.olteanu\source\repos\PulseAPI\PulseAPI\ClientApp\dist\out-tsc\src\app\certificate-validator\certificate-validator.component.js
C:\Users\radu.olteanu\source\repos\PulseAPI\PulseAPI\ClientApp\dist\out-tsc\src\app\certificate-validator\certificate-validator.component.js.map
C:\Users\radu.olteanu\source\repos\PulseAPI\PulseAPI\ClientApp\dist\out-tsc\src\app\transactions\transactions.component.js
C:\Users\radu.olteanu\source\repos\PulseAPI\PulseAPI\ClientApp\dist\out-tsc\src\app\transactions\transactions.component.js.map
C:\Users\radu.olteanu\source\repos\PulseAPI\PulseAPI\ClientApp\dist\out-tsc\src\app\app.module.js
C:\Users\radu.olteanu\source\repos\PulseAPI\PulseAPI\ClientApp\dist\out-tsc\src\app\app.module.js.map
C:\Users\radu.olteanu\source\repos\PulseAPI\PulseAPI\ClientApp\dist\out-tsc\src\environments\environment.js
C:\Users\radu.olteanu\source\repos\PulseAPI\PulseAPI\ClientApp\dist\out-tsc\src\environments\environment.js.map
C:\Users\radu.olteanu\source\repos\PulseAPI\PulseAPI\ClientApp\dist\out-tsc\src\main.js
C:\Users\radu.olteanu\source\repos\PulseAPI\PulseAPI\ClientApp\dist\out-tsc\src\main.js.map
C:\Users\radu.olteanu\source\repos\PulseAPI\PulseAPI\ClientApp\dist\out-tsc\src\polyfills.js
C:\Users\radu.olteanu\source\repos\PulseAPI\PulseAPI\ClientApp\dist\out-tsc\src\polyfills.js.map
C:\Users\radu.olteanu\source\repos\PulseAPI\PulseAPI\ClientApp\dist\out-tsc\src\test.js
C:\Users\radu.olteanu\source\repos\PulseAPI\PulseAPI\ClientApp\dist\out-tsc\src\test.js.map
C:\Users\radu.olteanu\source\repos\PulseAPI\PulseAPI\ClientApp\dist\out-tsc\e2e\src\app.po.js
C:\Users\radu.olteanu\source\repos\PulseAPI\PulseAPI\ClientApp\dist\out-tsc\e2e\src\app.po.js.map
C:\Users\radu.olteanu\source\repos\PulseAPI\PulseAPI\ClientApp\dist\out-tsc\e2e\src\app.e2e-spec.js
C:\Users\radu.olteanu\source\repos\PulseAPI\PulseAPI\ClientApp\dist\out-tsc\e2e\src\app.e2e-spec.js.map
C:\Users\radu.olteanu\source\repos\PulseAPI\PulseAPI\ClientApp\dist\out-tsc\src\environments\environment.prod.js
C:\Users\radu.olteanu\source\repos\PulseAPI\PulseAPI\ClientApp\dist\out-tsc\src\environments\environment.prod.js.map
C:\Users\radu.olteanu\source\repos\PulseAPI\PulseAPI\ClientApp\dist\out-tsc\src\app\account\account.routing.js
C:\Users\radu.olteanu\source\repos\PulseAPI\PulseAPI\ClientApp\dist\out-tsc\src\app\account\account.routing.js.map
C:\Users\radu.olteanu\source\repos\PulseAPI\PulseAPI\ClientApp\dist\out-tsc\src\app\auth\fake-backend.js
C:\Users\radu.olteanu\source\repos\PulseAPI\PulseAPI\ClientApp\dist\out-tsc\src\app\auth\fake-backend.js.map
C:\Users\radu.olteanu\source\repos\PulseAPI\PulseAPI\ClientApp\dist\out-tsc\src\app\auth\jwt.interceptor.js
C:\Users\radu.olteanu\source\repos\PulseAPI\PulseAPI\ClientApp\dist\out-tsc\src\app\auth\jwt.interceptor.js.map
C:\Users\radu.olteanu\source\repos\PulseAPI\PulseAPI\ClientApp\dist\out-tsc\src\app\auth\user.js
C:\Users\radu.olteanu\source\repos\PulseAPI\PulseAPI\ClientApp\dist\out-tsc\src\app\auth\user.js.map
C:\Users\radu.olteanu\source\repos\PulseAPI\PulseAPI\ClientApp\dist\out-tsc\src\app\counter\counter.component.spec.js
C:\Users\radu.olteanu\source\repos\PulseAPI\PulseAPI\ClientApp\dist\out-tsc\src\app\counter\counter.component.spec.js.map
C:\Users\radu.olteanu\source\repos\PulseAPI\PulseAPI\ClientApp\dist\out-tsc\src\app\directives\email.validator.directive.js
C:\Users\radu.olteanu\source\repos\PulseAPI\PulseAPI\ClientApp\dist\out-tsc\src\app\directives\email.validator.directive.js.map
C:\Users\radu.olteanu\source\repos\PulseAPI\PulseAPI\ClientApp\dist\out-tsc\src\app\directives\focus.directive.js
C:\Users\radu.olteanu\source\repos\PulseAPI\PulseAPI\ClientApp\dist\out-tsc\src\app\directives\focus.directive.js.map
C:\Users\radu.olteanu\source\repos\PulseAPI\PulseAPI\ClientApp\dist\out-tsc\src\app\layouts\login-layout.component.js
C:\Users\radu.olteanu\source\repos\PulseAPI\PulseAPI\ClientApp\dist\out-tsc\src\app\layouts\login-layout.component.js.map
C:\Users\radu.olteanu\source\repos\PulseAPI\PulseAPI\ClientApp\dist\out-tsc\src\app\spinner\spinner.component.js
C:\Users\radu.olteanu\source\repos\PulseAPI\PulseAPI\ClientApp\dist\out-tsc\src\app\spinner\spinner.component.js.map
C:\Users\radu.olteanu\source\repos\PulseAPI\PulseAPI\ClientApp\dist\out-tsc\src\app\spinner\spinner.component.spec.js
C:\Users\radu.olteanu\source\repos\PulseAPI\PulseAPI\ClientApp\dist\out-tsc\src\app\spinner\spinner.component.spec.js.map
C:\Users\radu.olteanu\source\repos\PulseAPI\PulseAPI\ClientApp\dist\out-tsc\src\app\account\facebook-login\facebook-login.component.js
C:\Users\radu.olteanu\source\repos\PulseAPI\PulseAPI\ClientApp\dist\out-tsc\src\app\account\facebook-login\facebook-login.component.js.map
C:\Users\radu.olteanu\source\repos\PulseAPI\PulseAPI\ClientApp\dist\out-tsc\src\app\account\facebook-login\facebook-login.component.spec.js
C:\Users\radu.olteanu\source\repos\PulseAPI\PulseAPI\ClientApp\dist\out-tsc\src\app\account\facebook-login\facebook-login.component.spec.js.map
C:\Users\radu.olteanu\source\repos\PulseAPI\PulseAPI\ClientApp\dist\out-tsc\src\app\account\login-form\login-form.component.spec.js
C:\Users\radu.olteanu\source\repos\PulseAPI\PulseAPI\ClientApp\dist\out-tsc\src\app\account\login-form\login-form.component.spec.js.map
C:\Users\radu.olteanu\source\repos\PulseAPI\PulseAPI\ClientApp\dist\out-tsc\src\app\shared\models\credentials.interface.js
C:\Users\radu.olteanu\source\repos\PulseAPI\PulseAPI\ClientApp\dist\out-tsc\src\app\shared\models\credentials.interface.js.map
C:\Users\radu.olteanu\source\repos\PulseAPI\PulseAPI\ClientApp\dist\out-tsc\src\app\shared\models\user.registration.interface.js
C:\Users\radu.olteanu\source\repos\PulseAPI\PulseAPI\ClientApp\dist\out-tsc\src\app\shared\models\user.registration.interface.js.map
C:\Users\radu.olteanu\source\repos\PulseAPI\PulseAPI\ClientApp\dist\out-tsc\src\app\shared\modules\shared.module.js
C:\Users\radu.olteanu\source\repos\PulseAPI\PulseAPI\ClientApp\dist\out-tsc\src\app\shared\modules\shared.module.js.map
C:\Users\radu.olteanu\source\repos\PulseAPI\PulseAPI\ClientApp\dist\out-tsc\src\app\shared\services\base.service.js
C:\Users\radu.olteanu\source\repos\PulseAPI\PulseAPI\ClientApp\dist\out-tsc\src\app\shared\services\base.service.js.map
C:\Users\radu.olteanu\source\repos\PulseAPI\PulseAPI\ClientApp\dist\out-tsc\src\app\shared\utils\config.service.js
C:\Users\radu.olteanu\source\repos\PulseAPI\PulseAPI\ClientApp\dist\out-tsc\src\app\shared\utils\config.service.js.map
